0 info it worked if it ends with ok
1 verbose cli [ 'C:\\Program Files\\nodejs\\node.exe',
1 verbose cli   'C:\\Program Files\\nodejs\\node_modules\\npm\\bin\\npm-cli.js',
1 verbose cli   'run',
1 verbose cli   'livebuild' ]
2 info using npm@3.10.10
3 info using node@v6.11.3
4 verbose run-script [ 'prelivebuild', 'livebuild', 'postlivebuild' ]
5 info lifecycle mobile@1.0.0~prelivebuild: mobile@1.0.0
6 silly lifecycle mobile@1.0.0~prelivebuild: no script for prelivebuild, continuing
7 info lifecycle mobile@1.0.0~livebuild: mobile@1.0.0
8 verbose lifecycle mobile@1.0.0~livebuild: unsafe-perm in lifecycle true
9 verbose lifecycle mobile@1.0.0~livebuild: PATH: C:\Program Files\nodejs\node_modules\npm\bin\node-gyp-bin;C:\Users\Alena\FD3-Nedveckaya\Mobile50_immutable\node_modules\.bin;C:\ProgramData\Oracle\Java\javapath;C:\WINDOWS\system32;C:\WINDOWS;C:\WINDOWS\System32\Wbem;C:\WINDOWS\System32\WindowsPowerShell\v1.0\;C:\Program Files\Broadcom\Broadcom 802.11 Network Adapter\Driver;C:\Program Files (x86)\Skype\Phone\;C:\Program Files\nodejs\;C:\Program Files\Git\cmd;C:\Users\Alena\AppData\Local\Programs\Python\Python35-32\Scripts\;C:\Users\Alena\AppData\Local\Programs\Python\Python35-32\;C:\Users\Alena\AppData\Local\Microsoft\WindowsApps;C:\Users\Alena\AppData\Roaming\npm;;C:\Program Files\Microsoft VS Code\bin
10 verbose lifecycle mobile@1.0.0~livebuild: CWD: C:\Users\Alena\FD3-Nedveckaya\Mobile50_immutable
11 silly lifecycle mobile@1.0.0~livebuild: Args: [ '/d /s /c', 'webpack-dev-server --progress --colors' ]
12 verbose stack Error: kill ENOSYS
12 verbose stack     at exports._errnoException (util.js:1020:11)
12 verbose stack     at process.kill (internal/process.js:190:13)
12 verbose stack     at process.listener (C:\Program Files\nodejs\node_modules\npm\node_modules\npmlog\node_modules\gauge\node_modules\signal-exit\index.js:86:15)
12 verbose stack     at emitNone (events.js:91:20)
12 verbose stack     at process.emit (events.js:185:7)
12 verbose stack     at processEmit (C:\Program Files\nodejs\node_modules\npm\node_modules\npmlog\node_modules\gauge\node_modules\signal-exit\index.js:146:32)
12 verbose stack     at processEmit (C:\Program Files\nodejs\node_modules\npm\node_modules\npm-registry-client\node_modules\npmlog\node_modules\gauge\node_modules\signal-exit\index.js:146:32)
12 verbose stack     at Signal.wrap.onsignal (internal/process.js:217:44)
13 verbose cwd C:\Users\Alena\FD3-Nedveckaya\Mobile50_immutable
14 error Windows_NT 10.0.16299
15 error argv "C:\\Program Files\\nodejs\\node.exe" "C:\\Program Files\\nodejs\\node_modules\\npm\\bin\\npm-cli.js" "run" "livebuild"
16 error node v6.11.3
17 error npm  v3.10.10
18 error code ENOSYS
19 error errno ENOSYS
20 error syscall kill
21 error kill ENOSYS
22 error If you need help, you may report this error at:
22 error     <https://github.com/npm/npm/issues>
23 verbose exit [ 1, true ]
